{
  "RSpec": {
    "coverage": {
      "/Users/jessethomas/Desktop/Desktop - Turing (2)/turing_work/4mod/projects/tea_subscription/app/models/customer.rb": {
        "lines": [
          1,
          1,
          1,
          1,
          1,
          null,
          1,
          null
        ]
      },
      "/Users/jessethomas/Desktop/Desktop - Turing (2)/turing_work/4mod/projects/tea_subscription/app/models/application_record.rb": {
        "lines": [
          1,
          1,
          null
        ]
      },
      "/Users/jessethomas/Desktop/Desktop - Turing (2)/turing_work/4mod/projects/tea_subscription/app/models/tea.rb": {
        "lines": [
          1,
          1,
          1,
          1,
          1,
          null,
          1,
          null
        ]
      },
      "/Users/jessethomas/Desktop/Desktop - Turing (2)/turing_work/4mod/projects/tea_subscription/app/models/subscription.rb": {
        "lines": [
          1,
          1,
          1,
          1,
          1,
          null,
          1,
          1,
          null,
          1,
          null
        ]
      },
      "/Users/jessethomas/Desktop/Desktop - Turing (2)/turing_work/4mod/projects/tea_subscription/app/controllers/api/v1/subscriptions_controller.rb": {
        "lines": [
          1,
          1,
          3,
          null,
          3,
          3,
          3,
          1,
          null,
          2,
          null,
          null,
          0,
          null,
          null,
          null,
          1,
          null,
          1,
          3,
          null,
          null
        ]
      },
      "/Users/jessethomas/Desktop/Desktop - Turing (2)/turing_work/4mod/projects/tea_subscription/app/controllers/application_controller.rb": {
        "lines": [
          1,
          null
        ]
      }
    },
    "timestamp": 1695167504
  }
}
