{
  "RSpec": {
    "coverage": {
      "/Users/jessethomas/Desktop/Desktop - Turing (2)/turing_work/4mod/projects/tea_subscription/app/models/customer.rb": {
        "lines": [
          1,
          1,
          1,
          1,
          1,
          null,
          1,
          null
        ]
      },
      "/Users/jessethomas/Desktop/Desktop - Turing (2)/turing_work/4mod/projects/tea_subscription/app/models/application_record.rb": {
        "lines": [
          1,
          1,
          null
        ]
      },
      "/Users/jessethomas/Desktop/Desktop - Turing (2)/turing_work/4mod/projects/tea_subscription/spec/models/subscription_spec.rb": {
        "lines": [
          1,
          null,
          1,
          1,
          2,
          2,
          2,
          2,
          null,
          null,
          null,
          1,
          2,
          2,
          null,
          null
        ]
      },
      "/Users/jessethomas/Desktop/Desktop - Turing (2)/turing_work/4mod/projects/tea_subscription/app/models/subscription.rb": {
        "lines": [
          1,
          1,
          1,
          1,
          1,
          null,
          1,
          1,
          null,
          1,
          null
        ]
      },
      "/Users/jessethomas/Desktop/Desktop - Turing (2)/turing_work/4mod/projects/tea_subscription/spec/models/tea_spec.rb": {
        "lines": [
          1,
          null,
          1,
          1,
          2,
          2,
          2,
          2,
          null,
          null,
          1,
          2,
          null,
          null
        ]
      },
      "/Users/jessethomas/Desktop/Desktop - Turing (2)/turing_work/4mod/projects/tea_subscription/app/models/tea.rb": {
        "lines": [
          1,
          1,
          1,
          1,
          1,
          null,
          1,
          null
        ]
      },
      "/Users/jessethomas/Desktop/Desktop - Turing (2)/turing_work/4mod/projects/tea_subscription/spec/requests/api/v1/subscription_spec.rb": {
        "lines": [
          1,
          null,
          1,
          1,
          1,
          null,
          2,
          2,
          null,
          1,
          1,
          1,
          0,
          null,
          0,
          0,
          null,
          0,
          null,
          0,
          0,
          0,
          null,
          null,
          null,
          null
        ]
      }
    },
    "timestamp": 1695163841
  }
}
